Using pre-set license
Built from '2020.3/staging' branch; Version is '2020.3.13f1 (71691879b7f5) revision 7432472'; Using compiler version '192528614'; Build Type 'Release'
OS: 'Windows 10 Pro; OS build 19042.1237; Version 2009; 64bit' Language: 'ko' Physical Memory: 32160 MB
BatchMode: 1, IsHumanControllingUs: 0, StartBugReporterOnCrash: 0, Is64bit: 1, IsPro: 0

 COMMAND LINE ARGUMENTS:
C:\Program Files\Unity\Hub\Editor\2020.3.13f1\Editor\Unity.exe
-adb2
-batchMode
-noUpm
-name
AssetImportWorker0
-projectPath
C:/Unity/FSM/FSM/New Unity Project
-logFile
Logs/AssetImportWorker0.log
-srvPort
56038
Successfully changed project path to: C:/Unity/FSM/FSM/New Unity Project
C:/Unity/FSM/FSM/New Unity Project
Using Asset Import Pipeline V2.
Refreshing native plugins compatible for Editor in 23.48 ms, found 2 plugins.
Preloading 0 native plugins for Editor in 0.00 ms.
Initialize engine version: 2020.3.13f1 (71691879b7f5)
[Subsystems] Discovering subsystems at path C:/Program Files/Unity/Hub/Editor/2020.3.13f1/Editor/Data/Resources/UnitySubsystems
[Subsystems] Discovering subsystems at path C:/Unity/FSM/FSM/New Unity Project/Assets
GfxDevice: creating device client; threaded=0
Direct3D:
    Version:  Direct3D 11.0 [level 11.1]
    Renderer: NVIDIA GeForce RTX 3050 Laptop GPU (ID=0x25a5)
    Vendor:   
    VRAM:     3991 MB
    Driver:   30.0.14.7111
Initialize mono
Mono path[0] = 'C:/Program Files/Unity/Hub/Editor/2020.3.13f1/Editor/Data/Managed'
Mono path[1] = 'C:/Program Files/Unity/Hub/Editor/2020.3.13f1/Editor/Data/MonoBleedingEdge/lib/mono/unityjit'
Mono config path = 'C:/Program Files/Unity/Hub/Editor/2020.3.13f1/Editor/Data/MonoBleedingEdge/etc'
Using monoOptions --debugger-agent=transport=dt_socket,embedding=1,server=y,suspend=n,address=127.0.0.1:56700
Begin MonoManager ReloadAssembly
Registering precompiled unity dll's ...
Register platform support module: C:/Program Files/Unity/Hub/Editor/2020.3.13f1/Editor/Data/PlaybackEngines/WebGLSupport/UnityEditor.WebGL.Extensions.dll
Register platform support module: C:/Program Files/Unity/Hub/Editor/2020.3.13f1/Editor/Data/PlaybackEngines/WindowsStandaloneSupport/UnityEditor.WindowsStandalone.Extensions.dll
Registered in 0.003487 seconds.
Native extension for WindowsStandalone target not found
Native extension for WebGL target not found
Refreshing native plugins compatible for Editor in 21.28 ms, found 2 plugins.
Preloading 0 native plugins for Editor in 0.00 ms.
Mono: successfully reloaded assembly
- Completed reload, in  1.048 seconds
Platform modules already initialized, skipping
Registering precompiled user dll's ...
Registered in 0.005325 seconds.
Begin MonoManager ReloadAssembly
Native extension for WindowsStandalone target not found
Native extension for WebGL target not found
Refreshing native plugins compatible for Editor in 0.32 ms, found 2 plugins.
Preloading 0 native plugins for Editor in 0.00 ms.
Mono: successfully reloaded assembly
- Completed reload, in  0.764 seconds
Platform modules already initialized, skipping
========================================================================
Worker process is ready to serve import requests
Launched and connected shader compiler UnityShaderCompiler.exe after 0.04 seconds
Refreshing native plugins compatible for Editor in 0.30 ms, found 2 plugins.
Preloading 0 native plugins for Editor in 0.00 ms.
Unloading 1402 Unused Serialized files (Serialized files now loaded: 0)
System memory in use before: 77.2 MB.
System memory in use after: 77.3 MB.

Unloading 19 unused Assets to reduce memory usage. Loaded Objects now: 1849.
Total: 1.872400 ms (FindLiveObjects: 0.132700 ms CreateObjectMapping: 0.035900 ms MarkObjects: 1.622900 ms  DeleteObjects: 0.080100 ms)

AssetImportParameters requested are different than current active one (requested -> active):
  custom:framework-win-MediaFoundation: 216162199b28c13a410421893ffa2e32 -> 
  custom:video-decoder-ogg-theora: a1e56fd34408186e4bbccfd4996cb3dc -> 
  custom:container-muxer-webm: aa71ff27fc2769a1b78a27578f13a17b -> 
  custom:container-demuxer-webm: 4f35f7cbe854078d1ac9338744f61a02 -> 
  custom:container-demuxer-ogg: 62fdf1f143b41e24485cea50d1cbac27 -> 
  custom:video-encoder-webm-vp8: eb34c28f22e8b96e1ab97ce403110664 -> 
  custom:video-decoder-webm-vp8: 9c59270c3fd7afecdb556c50c9e8de78 -> 
  custom:audio-decoder-ogg-vorbis: bf7c407c2cedff20999df2af8eb42d56 -> 
  custom:audio-encoder-webm-vorbis: bf7c407c2cedff20999df2af8eb42d56 -> 
========================================================================
Received Import Request.
  path: Assets/Script/ControllerChacater.prefab
  artifactKey: Guid(5f1d7a60a1c4da946b58157c6d4a0645) Importer(815301076,1909f56bfc062723c751e8b465ee728b)
Start importing Assets/Script/ControllerChacater.prefab using Guid(5f1d7a60a1c4da946b58157c6d4a0645) Importer(815301076,1909f56bfc062723c751e8b465ee728b)  -> (artifact id: '2d2f08414eca13261da6f1ff220f8933') in 0.088258 seconds 
  Import took 0.090350 seconds .

========================================================================
Received Import Request.
  Time since last request: 0.000201 seconds.
  path: Assets/Script
  artifactKey: Guid(82e978572cf95104db5eae87a9e57f82) Importer(815301076,1909f56bfc062723c751e8b465ee728b)
Start importing Assets/Script using Guid(82e978572cf95104db5eae87a9e57f82) Importer(815301076,1909f56bfc062723c751e8b465ee728b)  -> (artifact id: '3f141d9acb505310d70f6a327215e240') in 0.006358 seconds 
  Import took 0.008260 seconds .

========================================================================
Received Import Request.
  Time since last request: 4.562952 seconds.
  path: Assets/Script/FieldOfView.cs
  artifactKey: Guid(fed84e3f0387dab4d9fa81a2ad51934e) Importer(815301076,1909f56bfc062723c751e8b465ee728b)
Start importing Assets/Script/FieldOfView.cs using Guid(fed84e3f0387dab4d9fa81a2ad51934e) Importer(815301076,1909f56bfc062723c751e8b465ee728b)  -> (artifact id: 'fb5440c78a4b490744f26ca12b92890d') in 0.010715 seconds 
  Import took 0.012907 seconds .

========================================================================
Received Import Request.
  Time since last request: 0.752323 seconds.
  path: Assets/Script/FieldOfView.cs
  artifactKey: Guid(fed84e3f0387dab4d9fa81a2ad51934e) Importer(815301076,1909f56bfc062723c751e8b465ee728b)
Start importing Assets/Script/FieldOfView.cs using Guid(fed84e3f0387dab4d9fa81a2ad51934e) Importer(815301076,1909f56bfc062723c751e8b465ee728b)  -> (artifact id: 'fb5440c78a4b490744f26ca12b92890d') in 0.002839 seconds 
  Import took 0.005013 seconds .

========================================================================
Received Prepare
Registering precompiled user dll's ...
Registered in 0.006163 seconds.
Begin MonoManager ReloadAssembly
Native extension for WindowsStandalone target not found
Native extension for WebGL target not found
Refreshing native plugins compatible for Editor in 0.31 ms, found 2 plugins.
Preloading 0 native plugins for Editor in 0.00 ms.
Mono: successfully reloaded assembly
- Completed reload, in  0.735 seconds
Platform modules already initialized, skipping
Refreshing native plugins compatible for Editor in 0.33 ms, found 2 plugins.
Preloading 0 native plugins for Editor in 0.00 ms.
Unloading 1398 Unused Serialized files (Serialized files now loaded: 0)
System memory in use before: 80.4 MB.
System memory in use after: 80.5 MB.

Unloading 15 unused Assets to reduce memory usage. Loaded Objects now: 1862.
Total: 1.612900 ms (FindLiveObjects: 0.124600 ms CreateObjectMapping: 0.034000 ms MarkObjects: 1.395700 ms  DeleteObjects: 0.057700 ms)

AssetImportParameters requested are different than current active one (requested -> active):
  custom:framework-win-MediaFoundation: 216162199b28c13a410421893ffa2e32 -> 
  custom:video-decoder-ogg-theora: a1e56fd34408186e4bbccfd4996cb3dc -> 
  custom:container-muxer-webm: aa71ff27fc2769a1b78a27578f13a17b -> 
  custom:container-demuxer-webm: 4f35f7cbe854078d1ac9338744f61a02 -> 
  custom:container-demuxer-ogg: 62fdf1f143b41e24485cea50d1cbac27 -> 
  custom:video-encoder-webm-vp8: eb34c28f22e8b96e1ab97ce403110664 -> 
  custom:video-decoder-webm-vp8: 9c59270c3fd7afecdb556c50c9e8de78 -> 
  custom:audio-decoder-ogg-vorbis: bf7c407c2cedff20999df2af8eb42d56 -> 
  custom:audio-encoder-webm-vorbis: bf7c407c2cedff20999df2af8eb42d56 -> 
========================================================================
Received Import Request.
  Time since last request: 145.903128 seconds.
  path: Assets/Scenes
  artifactKey: Guid(3e02480d0f9db614dbb8a80946869bbd) Importer(815301076,1909f56bfc062723c751e8b465ee728b)
Start importing Assets/Scenes using Guid(3e02480d0f9db614dbb8a80946869bbd) Importer(815301076,1909f56bfc062723c751e8b465ee728b)  -> (artifact id: '8a59ed9e898b8f964a193ddfdc05ccf1') in 0.009168 seconds 
  Import took 0.011423 seconds .

========================================================================
Received Import Request.
  Time since last request: 15.676986 seconds.
  path: Assets/Scenes/FieldofView.unity
  artifactKey: Guid(a166197fb53bdb9459b2530194c71bc2) Importer(815301076,1909f56bfc062723c751e8b465ee728b)
Start importing Assets/Scenes/FieldofView.unity using Guid(a166197fb53bdb9459b2530194c71bc2) Importer(815301076,1909f56bfc062723c751e8b465ee728b)  -> (artifact id: '700ca8174b80c4ba269cef77aac95c3f') in 0.012352 seconds 
  Import took 0.014831 seconds .

========================================================================
Received Import Request.
  Time since last request: 308.284791 seconds.
  path: Assets/Arts/Models/ybot.fbx
  artifactKey: Guid(2fae0de057524424b973cec17851b880) Importer(815301076,1909f56bfc062723c751e8b465ee728b)
Start importing Assets/Arts/Models/ybot.fbx using Guid(2fae0de057524424b973cec17851b880) Importer(815301076,1909f56bfc062723c751e8b465ee728b)  -> (artifact id: 'f0a07332331a989e1af5fa8371405633') in 0.133239 seconds 
  Import took 0.135770 seconds .

========================================================================
Received Import Request.
  Time since last request: 0.000218 seconds.
  path: Assets/Arts/Models/ybot@Idle00.fbx
  artifactKey: Guid(aaf16b1589f51084bae1bd6f464d0127) Importer(815301076,1909f56bfc062723c751e8b465ee728b)
Start importing Assets/Arts/Models/ybot@Idle00.fbx using Guid(aaf16b1589f51084bae1bd6f464d0127) Importer(815301076,1909f56bfc062723c751e8b465ee728b)  -> (artifact id: '52f756cc179a2601661e9ad62ed1f606') in 0.058946 seconds 
  Import took 0.061239 seconds .

========================================================================
Received Import Request.
  Time since last request: 0.000215 seconds.
  path: Assets/Arts/Models/ybot@Walking.fbx
  artifactKey: Guid(44064d4db7f5de94681084afeb45f6c9) Importer(815301076,1909f56bfc062723c751e8b465ee728b)
Start importing Assets/Arts/Models/ybot@Walking.fbx using Guid(44064d4db7f5de94681084afeb45f6c9) Importer(815301076,1909f56bfc062723c751e8b465ee728b)  -> (artifact id: '6cc372cbab2cf89d2602b2cab874b924') in 0.043587 seconds 
  Import took 0.045886 seconds .

========================================================================
Received Import Request.
  Time since last request: 0.000288 seconds.
  path: Assets/Arts/Models/ybot@Idle01.fbx
  artifactKey: Guid(04b052aa6f4e76c41b03f3c8db98a57f) Importer(815301076,1909f56bfc062723c751e8b465ee728b)
Start importing Assets/Arts/Models/ybot@Idle01.fbx using Guid(04b052aa6f4e76c41b03f3c8db98a57f) Importer(815301076,1909f56bfc062723c751e8b465ee728b)  -> (artifact id: 'd39dfeb2b066d43d21d4d5deaaf5b715') in 0.043085 seconds 
  Import took 0.045643 seconds .

========================================================================
Received Import Request.
  Time since last request: 95.961773 seconds.
  path: Assets/Scenes/SampleScene/LightingData.asset
  artifactKey: Guid(1bb0c97b34a76044ebc9519866de746b) Importer(815301076,1909f56bfc062723c751e8b465ee728b)
Start importing Assets/Scenes/SampleScene/LightingData.asset using Guid(1bb0c97b34a76044ebc9519866de746b) Importer(815301076,1909f56bfc062723c751e8b465ee728b)  -> (artifact id: 'db115dcb6cce37d92e4ff4f9b9edab1a') in 0.010455 seconds 
  Import took 0.012873 seconds .

========================================================================
Received Import Request.
  Time since last request: 0.000203 seconds.
  path: Assets/Scenes/SampleScene/ReflectionProbe-0.exr
  artifactKey: Guid(a6ea58b129abc52438872acd35b44130) Importer(815301076,1909f56bfc062723c751e8b465ee728b)
Start importing Assets/Scenes/SampleScene/ReflectionProbe-0.exr using Guid(a6ea58b129abc52438872acd35b44130) Importer(815301076,1909f56bfc062723c751e8b465ee728b)  -> (artifact id: 'b0ba8a70430f92aece62afd04ecc1e3a') in 0.023248 seconds 
  Import took 0.025203 seconds .

========================================================================
Received Import Request.
  Time since last request: 0.000228 seconds.
  path: Assets/Scenes/SampleScene/NavMesh.asset
  artifactKey: Guid(9c9cf0db5a6f9544a98684ff74d0a7da) Importer(815301076,1909f56bfc062723c751e8b465ee728b)
Start importing Assets/Scenes/SampleScene/NavMesh.asset using Guid(9c9cf0db5a6f9544a98684ff74d0a7da) Importer(815301076,1909f56bfc062723c751e8b465ee728b)  -> (artifact id: '282a4b7fa959c4164004f665f6770016') in 0.007225 seconds 
  Import took 0.009206 seconds .

========================================================================
Received Import Request.
  Time since last request: 1.600892 seconds.
  path: Assets/New Terrain 1.asset
  artifactKey: Guid(4796963bcee378d4384460b6ff169ab5) Importer(815301076,1909f56bfc062723c751e8b465ee728b)
Start importing Assets/New Terrain 1.asset using Guid(4796963bcee378d4384460b6ff169ab5) Importer(815301076,1909f56bfc062723c751e8b465ee728b)  -> (artifact id: '6452ead1ba23bec56c022bbaeb49b7ba') in 0.010193 seconds 
  Import took 0.012728 seconds .

========================================================================
Received Import Request.
  Time since last request: 0.630105 seconds.
  path: Assets
  artifactKey: Guid(00000000000000001000000000000000) Importer(815301076,1909f56bfc062723c751e8b465ee728b)
Start importing Assets using Guid(00000000000000001000000000000000) Importer(815301076,1909f56bfc062723c751e8b465ee728b)  -> (artifact id: '42d402b061de3733987d63b9cc3b64de') in 0.006862 seconds 
  Import took 0.009177 seconds .

========================================================================
Received Import Request.
  Time since last request: 6.476028 seconds.
  path: Assets/New Material.mat
  artifactKey: Guid(8569cc1b2cc496349b6f6d09255d0901) Importer(815301076,1909f56bfc062723c751e8b465ee728b)
Start importing Assets/New Material.mat using Guid(8569cc1b2cc496349b6f6d09255d0901) Importer(815301076,1909f56bfc062723c751e8b465ee728b)  -> (artifact id: 'd3b859445a77e5f4f530a5cc62753c19') in 0.020340 seconds 
  Import took 0.022718 seconds .

========================================================================
Received Import Request.
  Time since last request: 37.161523 seconds.
  path: Assets/New Material.mat
  artifactKey: Guid(8569cc1b2cc496349b6f6d09255d0901) Importer(815301076,1909f56bfc062723c751e8b465ee728b)
Start importing Assets/New Material.mat using Guid(8569cc1b2cc496349b6f6d09255d0901) Importer(815301076,1909f56bfc062723c751e8b465ee728b)  -> (artifact id: 'c28c678cc0628b5fad553a5306cdebfb') in 0.013494 seconds 
  Import took 0.015968 seconds .

========================================================================
Received Import Request.
  Time since last request: 0.000201 seconds.
  path: Assets/New Terrain 1.asset
  artifactKey: Guid(4796963bcee378d4384460b6ff169ab5) Importer(815301076,1909f56bfc062723c751e8b465ee728b)
Start importing Assets/New Terrain 1.asset using Guid(4796963bcee378d4384460b6ff169ab5) Importer(815301076,1909f56bfc062723c751e8b465ee728b)  -> (artifact id: '13d21eab1807b218e367726f7dc41d5a') in 0.007228 seconds 
  Import took 0.009216 seconds .

========================================================================
Received Import Request.
  Time since last request: 2.884737 seconds.
  path: Assets/Scenes/SampleScene.unity
  artifactKey: Guid(9fc0d4010bbf28b4594072e72b8655ab) Importer(815301076,1909f56bfc062723c751e8b465ee728b)
Start importing Assets/Scenes/SampleScene.unity using Guid(9fc0d4010bbf28b4594072e72b8655ab) Importer(815301076,1909f56bfc062723c751e8b465ee728b)  -> (artifact id: 'fb8f91ae9d3a9f510b3a446b05076abd') in 0.006939 seconds 
  Import took 0.009266 seconds .

========================================================================
Received Import Request.
  Time since last request: 54.413130 seconds.
  path: Assets/Script/TopDownCamera2_SceneEditor.cs
  artifactKey: Guid(12b63d14b4d39954eaa5deb1a2d96184) Importer(815301076,1909f56bfc062723c751e8b465ee728b)
Start importing Assets/Script/TopDownCamera2_SceneEditor.cs using Guid(12b63d14b4d39954eaa5deb1a2d96184) Importer(815301076,1909f56bfc062723c751e8b465ee728b)  -> (artifact id: 'd783dd2129af809406edb93ef33eaacf') in 0.006561 seconds 
  Import took 0.008995 seconds .

========================================================================
Received Import Request.
  Time since last request: 0.255512 seconds.
  path: Assets/Script/TopDownCamera2_SceneEditor.cs
  artifactKey: Guid(12b63d14b4d39954eaa5deb1a2d96184) Importer(815301076,1909f56bfc062723c751e8b465ee728b)
Start importing Assets/Script/TopDownCamera2_SceneEditor.cs using Guid(12b63d14b4d39954eaa5deb1a2d96184) Importer(815301076,1909f56bfc062723c751e8b465ee728b)  -> (artifact id: 'd783dd2129af809406edb93ef33eaacf') in 0.003259 seconds 
  Import took 0.005554 seconds .

========================================================================
Received Import Request.
  Time since last request: 0.151894 seconds.
  path: Assets/Script/TopDownCamera2.cs
  artifactKey: Guid(5dfb17a5ae6e4854db133ca763d75069) Importer(815301076,1909f56bfc062723c751e8b465ee728b)
Start importing Assets/Script/TopDownCamera2.cs using Guid(5dfb17a5ae6e4854db133ca763d75069) Importer(815301076,1909f56bfc062723c751e8b465ee728b)  -> (artifact id: '50119b42e92809d8b48e3730a7c6c0ff') in 0.006362 seconds 
  Import took 0.008681 seconds .

========================================================================
Received Import Request.
  Time since last request: 0.000429 seconds.
  path: Assets/Script/TopDownCamera2.cs
  artifactKey: Guid(5dfb17a5ae6e4854db133ca763d75069) Importer(815301076,1909f56bfc062723c751e8b465ee728b)
Start importing Assets/Script/TopDownCamera2.cs using Guid(5dfb17a5ae6e4854db133ca763d75069) Importer(815301076,1909f56bfc062723c751e8b465ee728b)  -> (artifact id: '50119b42e92809d8b48e3730a7c6c0ff') in 0.003457 seconds 
  Import took 0.005491 seconds .

========================================================================
Received Import Request.
  Time since last request: 0.706068 seconds.
  path: Assets/Script/StateMachine.cs
  artifactKey: Guid(cf39e923afbcaf845b05701716da7ef8) Importer(815301076,1909f56bfc062723c751e8b465ee728b)
Start importing Assets/Script/StateMachine.cs using Guid(cf39e923afbcaf845b05701716da7ef8) Importer(815301076,1909f56bfc062723c751e8b465ee728b)  -> (artifact id: '1578b2043d2b6112a9dc39d224d82073') in 0.006220 seconds 
  Import took 0.008526 seconds .

========================================================================
Received Import Request.
  Time since last request: 0.000853 seconds.
  path: Assets/Script/StateMachine.cs
  artifactKey: Guid(cf39e923afbcaf845b05701716da7ef8) Importer(815301076,1909f56bfc062723c751e8b465ee728b)
Start importing Assets/Script/StateMachine.cs using Guid(cf39e923afbcaf845b05701716da7ef8) Importer(815301076,1909f56bfc062723c751e8b465ee728b)  -> (artifact id: '1578b2043d2b6112a9dc39d224d82073') in 0.003386 seconds 
  Import took 0.005549 seconds .

========================================================================
Received Prepare
Registering precompiled user dll's ...
Registered in 0.005118 seconds.
Begin MonoManager ReloadAssembly
Native extension for WindowsStandalone target not found
Native extension for WebGL target not found
Refreshing native plugins compatible for Editor in 0.33 ms, found 2 plugins.
Preloading 0 native plugins for Editor in 0.00 ms.
Mono: successfully reloaded assembly
- Completed reload, in  0.719 seconds
Platform modules already initialized, skipping
Refreshing native plugins compatible for Editor in 0.31 ms, found 2 plugins.
Preloading 0 native plugins for Editor in 0.00 ms.
Unloading 1398 Unused Serialized files (Serialized files now loaded: 0)
System memory in use before: 94.3 MB.
System memory in use after: 94.4 MB.

Unloading 14 unused Assets to reduce memory usage. Loaded Objects now: 1905.
Total: 1.868600 ms (FindLiveObjects: 0.151900 ms CreateObjectMapping: 0.042600 ms MarkObjects: 1.604600 ms  DeleteObjects: 0.068600 ms)

AssetImportParameters requested are different than current active one (requested -> active):
  custom:framework-win-MediaFoundation: 216162199b28c13a410421893ffa2e32 -> 
  custom:video-decoder-ogg-theora: a1e56fd34408186e4bbccfd4996cb3dc -> 
  custom:container-muxer-webm: aa71ff27fc2769a1b78a27578f13a17b -> 
  custom:container-demuxer-webm: 4f35f7cbe854078d1ac9338744f61a02 -> 
  custom:container-demuxer-ogg: 62fdf1f143b41e24485cea50d1cbac27 -> 
  custom:video-encoder-webm-vp8: eb34c28f22e8b96e1ab97ce403110664 -> 
  custom:video-decoder-webm-vp8: 9c59270c3fd7afecdb556c50c9e8de78 -> 
  custom:audio-decoder-ogg-vorbis: bf7c407c2cedff20999df2af8eb42d56 -> 
  custom:audio-encoder-webm-vorbis: bf7c407c2cedff20999df2af8eb42d56 -> 
AssetImportWorkerClient::OnTransportError - code=2 error=End of file
